<?xml version="1.0" encoding="UTF-8"?>
<!-- Generated by org.testng.reporters.JUnitXMLReporter -->
<testsuite ignored="0" hostname="DESKTOP-SEOC7S6" failures="0" tests="5" name="Test" time="184.499" errors="0" timestamp="2024-03-03T11:06:22 IST">
  <testcase classname="entrata.TestCaseOne" name="DemoForm" time="9.105"/>
  <testcase classname="entrata.TestCaseOne" name="SignIn" time="11.515"/>
  <testcase classname="entrata.TestCaseOne" name="testHomePageFunction" time="1.929"/>
  <testcase classname="entrata.TestCasesTwo" name="ProductsIsVisible" time="1.856"/>
  <testcase classname="entrata.TestCasesTwo" name="SheduleDemo" time="28.555"/>
</testsuite> <!-- Test -->
