<?xml version="1.0" encoding="UTF-8"?>
<testng-results ignored="0" total="1" passed="1" failed="0" skipped="0">
  <reporter-output>
  </reporter-output>
  <suite started-at="2024-03-02T19:02:40 IST" name="Default suite" finished-at="2024-03-02T19:03:11 IST" duration-ms="30513">
    <groups>
    </groups>
    <test started-at="2024-03-02T19:02:40 IST" name="Default test" finished-at="2024-03-02T19:03:11 IST" duration-ms="30513">
      <class name="entrata.TestCasesTwo">
        <test-method is-config="true" signature="SetUpOne()[pri:0, instance:entrata.TestCasesTwo@4550bb58]" started-at="2024-03-02T19:02:40 IST" name="SetUpOne" finished-at="2024-03-02T19:03:07 IST" duration-ms="26725" status="PASS">
          <reporter-output>
          </reporter-output>
        </test-method> <!-- SetUpOne -->
        <test-method signature="Ribin()[pri:0, instance:entrata.TestCasesTwo@4550bb58]" started-at="2024-03-02T19:03:07 IST" name="Ribin" finished-at="2024-03-02T19:03:09 IST" duration-ms="2113" status="PASS">
          <reporter-output>
          </reporter-output>
        </test-method> <!-- Ribin -->
        <test-method is-config="true" signature="CloseBrowser()[pri:0, instance:entrata.TestCasesTwo@4550bb58]" started-at="2024-03-02T19:03:09 IST" name="CloseBrowser" finished-at="2024-03-02T19:03:11 IST" duration-ms="1596" status="PASS">
          <reporter-output>
          </reporter-output>
        </test-method> <!-- CloseBrowser -->
      </class> <!-- entrata.TestCasesTwo -->
    </test> <!-- Default test -->
  </suite> <!-- Default suite -->
</testng-results>
